Build started 4/21/2013 11:06:09 PM.
     1>Project "C:\Users\Sam\Documents\GitHub\GameTutorials\SFML Platformer\SFML Platformer\SFML Platformer.vcxproj" on node 2 (build target(s)).
     1>PrepareForBuild:
         Creating directory "C:\Users\Sam\Documents\GitHub\GameTutorials\SFML Platformer\Release\".
       InitializeBuildStatus:
         Creating "Release\SFML Platformer.unsuccessfulbuild" because "AlwaysCreate" was specified.
       ClCompile:
         C:\Program Files (x86)\Microsoft Visual Studio 10.0\VC\bin\CL.exe /c /Zi /nologo /W3 /WX- /O2 /Oi /Oy- /GL /D WIN32 /D NDEBUG /D _CONSOLE /D _UNICODE /D UNICODE /Gm- /EHsc /MD /GS /Gy /fp:precise /Zc:wchar_t /Zc:forScope /Yc"StdAfx.h" /Fp"Release\SFML Platformer.pch" /Fo"Release\\" /Fd"Release\vc100.pdb" /Gd /TP /analyze- /errorReport:prompt stdafx.cpp
         stdafx.cpp
         C:\Program Files (x86)\Microsoft Visual Studio 10.0\VC\bin\CL.exe /c /Zi /nologo /W3 /WX- /O2 /Oi /Oy- /GL /D WIN32 /D NDEBUG /D _CONSOLE /D _UNICODE /D UNICODE /Gm- /EHsc /MD /GS /Gy /fp:precise /Zc:wchar_t /Zc:forScope /Yu"StdAfx.h" /Fp"Release\SFML Platformer.pch" /Fo"Release\\" /Fd"Release\vc100.pdb" /Gd /TP /analyze- /errorReport:prompt main.cpp
         main.cpp
       Link:
         C:\Program Files (x86)\Microsoft Visual Studio 10.0\VC\bin\link.exe /ERRORREPORT:PROMPT /OUT:"C:\Users\Sam\Documents\GitHub\GameTutorials\SFML Platformer\Release\SFML Platformer.exe" /INCREMENTAL:NO /NOLOGO "sfml-window.lib" "sfml-graphics.lib" "sfml-audio.lib" "sfml-system.lib" "sfml-network.lib" "sfml-main.lib" kernel32.lib user32.lib gdi32.lib winspool.lib comdlg32.lib advapi32.lib shell32.lib ole32.lib oleaut32.lib uuid.lib odbc32.lib odbccp32.lib /MANIFEST /ManifestFile:"Release\SFML Platformer.exe.intermediate.manifest" /MANIFESTUAC:"level='asInvoker' uiAccess='false'" /DEBUG /PDB:"C:\Users\Sam\Documents\GitHub\GameTutorials\SFML Platformer\Release\SFML Platformer.pdb" /SUBSYSTEM:WINDOWS /OPT:REF /OPT:ICF /LTCG /TLBID:1 /DYNAMICBASE /NXCOMPAT /IMPLIB:"C:\Users\Sam\Documents\GitHub\GameTutorials\SFML Platformer\Release\SFML Platformer.lib" /MACHINE:X86 Release\main.obj
         Release\stdafx.obj
         Generating code
         Finished generating code
         SFML Platformer.vcxproj -> C:\Users\Sam\Documents\GitHub\GameTutorials\SFML Platformer\Release\SFML Platformer.exe
       Manifest:
         C:\Program Files (x86)\Microsoft SDKs\Windows\v7.0A\bin\mt.exe /nologo /verbose /outputresource:"C:\Users\Sam\Documents\GitHub\GameTutorials\SFML Platformer\Release\SFML Platformer.exe;#1" /manifest "Release\SFML Platformer.exe.intermediate.manifest"
       FinalizeBuildStatus:
         Deleting file "Release\SFML Platformer.unsuccessfulbuild".
         Touching "Release\SFML Platformer.lastbuildstate".
     1>Done Building Project "C:\Users\Sam\Documents\GitHub\GameTutorials\SFML Platformer\SFML Platformer\SFML Platformer.vcxproj" (build target(s)).

Build succeeded.

Time Elapsed 00:00:01.49
