Build started 4/14/2013 6:03:59 PM.
     1>Project "D:\Users\Batman\Documents\GitHub\GameTutorials\SFML 2.0 Tutorial\SFML 2.0 Tutorial.vcxproj" on node 2 (build target(s)).
     1>InitializeBuildStatus:
         Creating "Release\SFML 2.0 Tutorial.unsuccessfulbuild" because "AlwaysCreate" was specified.
       ClCompile:
         d:\Program Files (x86)\Microsoft Visual Studio 10.0\VC\bin\CL.exe /c /Zi /nologo /W3 /WX- /O2 /Oi /Oy- /GL /D _MBCS /Gm- /EHsc /MD /GS /Gy /fp:precise /Zc:wchar_t /Zc:forScope /Fo"Release\\" /Fd"Release\vc100.pdb" /Gd /TP /analyze- /errorReport:prompt main.cpp
         main.cpp
       Link:
         d:\Program Files (x86)\Microsoft Visual Studio 10.0\VC\bin\link.exe /ERRORREPORT:PROMPT /OUT:"D:\Users\Batman\Documents\GitHub\GameTutorials\SFML 2.0 Tutorial\Release\SFML 2.0 Tutorial.exe" /NOLOGO "sfml-graphics.lib" "sfml-audio.lib" "sfml-system.lib" "sfml-network.lib" "sfml-window.lib" "sfml-main.lib" kernel32.lib user32.lib gdi32.lib winspool.lib comdlg32.lib advapi32.lib shell32.lib ole32.lib oleaut32.lib uuid.lib odbc32.lib odbccp32.lib /MANIFEST /ManifestFile:"Release\SFML 2.0 Tutorial.exe.intermediate.manifest" /MANIFESTUAC:"level='asInvoker' uiAccess='false'" /DEBUG /PDB:"D:\Users\Batman\Documents\GitHub\GameTutorials\SFML 2.0 Tutorial\Release\SFML 2.0 Tutorial.pdb" /SUBSYSTEM:WINDOWS /OPT:REF /OPT:ICF /LTCG /TLBID:1 /DYNAMICBASE /NXCOMPAT /IMPLIB:"D:\Users\Batman\Documents\GitHub\GameTutorials\SFML 2.0 Tutorial\Release\SFML 2.0 Tutorial.lib" /MACHINE:X86 Release\main.obj
         Generating code
         Finished generating code
         SFML 2.0 Tutorial.vcxproj -> D:\Users\Batman\Documents\GitHub\GameTutorials\SFML 2.0 Tutorial\Release\SFML 2.0 Tutorial.exe
       Manifest:
         C:\Program Files (x86)\Microsoft SDKs\Windows\v7.0A\bin\mt.exe /nologo /verbose /outputresource:"D:\Users\Batman\Documents\GitHub\GameTutorials\SFML 2.0 Tutorial\Release\SFML 2.0 Tutorial.exe;#1" /manifest "Release\SFML 2.0 Tutorial.exe.intermediate.manifest"
       FinalizeBuildStatus:
         Deleting file "Release\SFML 2.0 Tutorial.unsuccessfulbuild".
         Touching "Release\SFML 2.0 Tutorial.lastbuildstate".
     1>Done Building Project "D:\Users\Batman\Documents\GitHub\GameTutorials\SFML 2.0 Tutorial\SFML 2.0 Tutorial.vcxproj" (build target(s)).

Build succeeded.

Time Elapsed 00:00:01.04
