Build started 5/14/2013 3:11:26 PM.
     1>Project "D:\Documents\GitHub\GameTutorials\SFML Platformer\SFML Platformer\SFML Platformer.vcxproj" on node 2 (build target(s)).
     1>InitializeBuildStatus:
         Touching "Debug\SFML Platformer.unsuccessfulbuild".
       ClCompile:
         D:\Program Files (x86)\Microsoft Visual Studio 10.0\VC\bin\CL.exe /c /ZI /nologo /W3 /WX- /Od /Oy- /D WIN32 /D _DEBUG /D _CONSOLE /D _UNICODE /D UNICODE /Gm /EHsc /RTC1 /MDd /GS /fp:precise /Zc:wchar_t /Zc:forScope /Yc"StdAfx.h" /Fp"Debug\SFML Platformer.pch" /Fo"Debug\\" /Fd"Debug\vc100.pdb" /Gd /TP /analyze- /errorReport:prompt stdafx.cpp
         stdafx.cpp
         D:\Program Files (x86)\Microsoft Visual Studio 10.0\VC\bin\CL.exe /c /ZI /nologo /W3 /WX- /Od /Oy- /D WIN32 /D _DEBUG /D _CONSOLE /D _UNICODE /D UNICODE /Gm /EHsc /RTC1 /MDd /GS /fp:precise /Zc:wchar_t /Zc:forScope /Yu"StdAfx.h" /Fp"Debug\SFML Platformer.pch" /Fo"Debug\\" /Fd"Debug\vc100.pdb" /Gd /TP /analyze- /errorReport:prompt Animation.cpp FadeAnimation.cpp FileManager.cpp GameScreen.cpp InputManager.cpp main.cpp MenuManager.cpp ScreenManager.cpp SplashScreen.cpp TitleScreen.cpp
         TitleScreen.cpp
         SplashScreen.cpp
     1>d:\documents\github\gametutorials\sfml platformer\sfml platformer\splashscreen.cpp(24): warning C4018: '<' : signed/unsigned mismatch
     1>d:\documents\github\gametutorials\sfml platformer\sfml platformer\splashscreen.cpp(26): warning C4018: '<' : signed/unsigned mismatch
     1>d:\documents\github\gametutorials\sfml platformer\sfml platformer\splashscreen.cpp(66): warning C4018: '>=' : signed/unsigned mismatch
         ScreenManager.cpp
     1>d:\documents\github\gametutorials\sfml platformer\sfml platformer\screenmanager.cpp(48): warning C4244: '=' : conversion from 'sf::Int32' to 'float', possible loss of data
         MenuManager.cpp
     1>d:\documents\github\gametutorials\sfml platformer\sfml platformer\menumanager.cpp(18): warning C4018: '<' : signed/unsigned mismatch
     1>d:\documents\github\gametutorials\sfml platformer\sfml platformer\menumanager.cpp(20): warning C4018: '<' : signed/unsigned mismatch
         main.cpp
     1>d:\documents\github\gametutorials\sfml platformer\sfml platformer\main.cpp(39): warning C4244: 'argument' : conversion from 'float' to 'sf::Uint8', possible loss of data
         InputManager.cpp
     1>d:\documents\github\gametutorials\sfml platformer\sfml platformer\inputmanager.cpp(30): warning C4018: '<' : signed/unsigned mismatch
     1>d:\documents\github\gametutorials\sfml platformer\sfml platformer\inputmanager.cpp(48): warning C4018: '<' : signed/unsigned mismatch
     1>d:\documents\github\gametutorials\sfml platformer\sfml platformer\inputmanager.cpp(66): warning C4018: '<' : signed/unsigned mismatch
         GameScreen.cpp
         FileManager.cpp
         FadeAnimation.cpp
         Animation.cpp
     1>d:\documents\github\gametutorials\sfml platformer\sfml platformer\animation.cpp(50): warning C4244: 'argument' : conversion from 'float' to 'sf::Uint8', possible loss of data
     1>d:\documents\github\gametutorials\sfml platformer\sfml platformer\animation.cpp(59): warning C4244: 'argument' : conversion from 'float' to 'sf::Uint8', possible loss of data
         Generating Code...
       Link:
         D:\Program Files (x86)\Microsoft Visual Studio 10.0\VC\bin\link.exe /ERRORREPORT:PROMPT /OUT:"D:\Documents\GitHub\GameTutorials\SFML Platformer\Debug\SFML Platformer.exe" /INCREMENTAL:NO /NOLOGO "sfml-window-d.lib" "sfml-graphics-d.lib" "sfml-audio-d.lib" "sfml-system-d.lib" "sfml-network-d.lib" kernel32.lib user32.lib gdi32.lib winspool.lib comdlg32.lib advapi32.lib shell32.lib ole32.lib oleaut32.lib uuid.lib odbc32.lib odbccp32.lib /MANIFEST /ManifestFile:"Debug\SFML Platformer.exe.intermediate.manifest" /MANIFESTUAC:"level='asInvoker' uiAccess='false'" /DEBUG /PDB:"D:\Documents\GitHub\GameTutorials\SFML Platformer\Debug\SFML Platformer.pdb" /SUBSYSTEM:CONSOLE /TLBID:1 /DYNAMICBASE /NXCOMPAT /IMPLIB:"D:\Documents\GitHub\GameTutorials\SFML Platformer\Debug\SFML Platformer.lib" /MACHINE:X86 Debug\Animation.obj
         Debug\FadeAnimation.obj
         Debug\FileManager.obj
         Debug\GameScreen.obj
         Debug\InputManager.obj
         Debug\main.obj
         Debug\MenuManager.obj
         Debug\ScreenManager.obj
         Debug\SplashScreen.obj
         Debug\stdafx.obj
         Debug\TitleScreen.obj
     1>Animation.obj : warning LNK4075: ignoring '/EDITANDCONTINUE' due to '/INCREMENTAL:NO' specification
         SFML Platformer.vcxproj -> D:\Documents\GitHub\GameTutorials\SFML Platformer\Debug\SFML Platformer.exe
       Manifest:
         C:\Program Files (x86)\Microsoft SDKs\Windows\v7.0A\bin\mt.exe /nologo /verbose /outputresource:"D:\Documents\GitHub\GameTutorials\SFML Platformer\Debug\SFML Platformer.exe;#1" /manifest "Debug\SFML Platformer.exe.intermediate.manifest"
       FinalizeBuildStatus:
         Deleting file "Debug\SFML Platformer.unsuccessfulbuild".
         Touching "Debug\SFML Platformer.lastbuildstate".
     1>Done Building Project "D:\Documents\GitHub\GameTutorials\SFML Platformer\SFML Platformer\SFML Platformer.vcxproj" (build target(s)).

Build succeeded.

Time Elapsed 00:00:01.58
