C:\USERS\SAM\DOCUMENTS\GITHUB\GAMETUTORIALS\SFML PLATFORMER\DEBUG\SFML PLATFORMER.EXE
C:\USERS\SAM\DOCUMENTS\GITHUB\GAMETUTORIALS\SFML PLATFORMER\DEBUG\SFML PLATFORMER.ILK
C:\USERS\SAM\DOCUMENTS\GITHUB\GAMETUTORIALS\SFML PLATFORMER\DEBUG\SFML PLATFORMER.PDB
C:\USERS\SAM\DOCUMENTS\GITHUB\GAMETUTORIALS\SFML PLATFORMER\SFML PLATFORMER\DEBUG\GAMESCREEN.OBJ
C:\USERS\SAM\DOCUMENTS\GITHUB\GAMETUTORIALS\SFML PLATFORMER\SFML PLATFORMER\DEBUG\MAIN.OBJ
C:\USERS\SAM\DOCUMENTS\GITHUB\GAMETUTORIALS\SFML PLATFORMER\SFML PLATFORMER\DEBUG\SCREENMANAGER.OBJ
C:\USERS\SAM\DOCUMENTS\GITHUB\GAMETUTORIALS\SFML PLATFORMER\SFML PLATFORMER\DEBUG\SFML PLATFORMER.EXE.EMBED.MANIFEST
C:\USERS\SAM\DOCUMENTS\GITHUB\GAMETUTORIALS\SFML PLATFORMER\SFML PLATFORMER\DEBUG\SFML PLATFORMER.EXE.EMBED.MANIFEST.RES
C:\USERS\SAM\DOCUMENTS\GITHUB\GAMETUTORIALS\SFML PLATFORMER\SFML PLATFORMER\DEBUG\SFML PLATFORMER.EXE.INTERMEDIATE.MANIFEST
C:\USERS\SAM\DOCUMENTS\GITHUB\GAMETUTORIALS\SFML PLATFORMER\SFML PLATFORMER\DEBUG\SFML PLATFORMER.PCH
C:\USERS\SAM\DOCUMENTS\GITHUB\GAMETUTORIALS\SFML PLATFORMER\SFML PLATFORMER\DEBUG\SPLASHSCREEN.OBJ
C:\USERS\SAM\DOCUMENTS\GITHUB\GAMETUTORIALS\SFML PLATFORMER\SFML PLATFORMER\DEBUG\STDAFX.OBJ
C:\USERS\SAM\DOCUMENTS\GITHUB\GAMETUTORIALS\SFML PLATFORMER\SFML PLATFORMER\DEBUG\TITLESCREEN.OBJ
C:\USERS\SAM\DOCUMENTS\GITHUB\GAMETUTORIALS\SFML PLATFORMER\SFML PLATFORMER\DEBUG\VC100.PDB
D:\DOCUMENTS\GITHUB\GAMETUTORIALS\SFML PLATFORMER\DEBUG\SFML PLATFORMER.EXE
D:\DOCUMENTS\GITHUB\GAMETUTORIALS\SFML PLATFORMER\DEBUG\SFML PLATFORMER.PDB
D:\DOCUMENTS\GITHUB\GAMETUTORIALS\SFML PLATFORMER\SFML PLATFORMER\DEBUG\ANIMATION.OBJ
D:\Documents\GitHub\GameTutorials\SFML Platformer\SFML Platformer\Debug\cl.command.1.tlog
D:\Documents\GitHub\GameTutorials\SFML Platformer\SFML Platformer\Debug\CL.read.1.tlog
D:\Documents\GitHub\GameTutorials\SFML Platformer\SFML Platformer\Debug\CL.write.1.tlog
D:\DOCUMENTS\GITHUB\GAMETUTORIALS\SFML PLATFORMER\SFML PLATFORMER\DEBUG\FADEANIMATION.OBJ
D:\DOCUMENTS\GITHUB\GAMETUTORIALS\SFML PLATFORMER\SFML PLATFORMER\DEBUG\GAMESCREEN.OBJ
D:\DOCUMENTS\GITHUB\GAMETUTORIALS\SFML PLATFORMER\SFML PLATFORMER\DEBUG\INPUTMANAGER.OBJ
D:\Documents\GitHub\GameTutorials\SFML Platformer\SFML Platformer\Debug\link.4404.read.1.tlog
D:\Documents\GitHub\GameTutorials\SFML Platformer\SFML Platformer\Debug\link.4404.write.1.tlog
D:\Documents\GitHub\GameTutorials\SFML Platformer\SFML Platformer\Debug\link.4404-cvtres.read.1.tlog
D:\Documents\GitHub\GameTutorials\SFML Platformer\SFML Platformer\Debug\link.4404-cvtres.write.1.tlog
D:\Documents\GitHub\GameTutorials\SFML Platformer\SFML Platformer\Debug\link.5404.read.1.tlog
D:\Documents\GitHub\GameTutorials\SFML Platformer\SFML Platformer\Debug\link.5404.write.1.tlog
D:\Documents\GitHub\GameTutorials\SFML Platformer\SFML Platformer\Debug\link.5556.read.1.tlog
D:\Documents\GitHub\GameTutorials\SFML Platformer\SFML Platformer\Debug\link.5556.write.1.tlog
D:\Documents\GitHub\GameTutorials\SFML Platformer\SFML Platformer\Debug\link.5556-cvtres.read.1.tlog
D:\Documents\GitHub\GameTutorials\SFML Platformer\SFML Platformer\Debug\link.5556-cvtres.write.1.tlog
D:\Documents\GitHub\GameTutorials\SFML Platformer\SFML Platformer\Debug\link.5948.read.1.tlog
D:\Documents\GitHub\GameTutorials\SFML Platformer\SFML Platformer\Debug\link.5948.write.1.tlog
D:\Documents\GitHub\GameTutorials\SFML Platformer\SFML Platformer\Debug\link.5948-cvtres.read.1.tlog
D:\Documents\GitHub\GameTutorials\SFML Platformer\SFML Platformer\Debug\link.5948-cvtres.write.1.tlog
D:\Documents\GitHub\GameTutorials\SFML Platformer\SFML Platformer\Debug\link.7220.read.1.tlog
D:\Documents\GitHub\GameTutorials\SFML Platformer\SFML Platformer\Debug\link.7220.write.1.tlog
D:\Documents\GitHub\GameTutorials\SFML Platformer\SFML Platformer\Debug\link.7220-cvtres.read.1.tlog
D:\Documents\GitHub\GameTutorials\SFML Platformer\SFML Platformer\Debug\link.7220-cvtres.write.1.tlog
D:\Documents\GitHub\GameTutorials\SFML Platformer\SFML Platformer\Debug\link.9252.read.1.tlog
D:\Documents\GitHub\GameTutorials\SFML Platformer\SFML Platformer\Debug\link.9252.write.1.tlog
D:\Documents\GitHub\GameTutorials\SFML Platformer\SFML Platformer\Debug\link.9252-cvtres.read.1.tlog
D:\Documents\GitHub\GameTutorials\SFML Platformer\SFML Platformer\Debug\link.9252-cvtres.write.1.tlog
D:\Documents\GitHub\GameTutorials\SFML Platformer\SFML Platformer\Debug\link.command.1.tlog
D:\Documents\GitHub\GameTutorials\SFML Platformer\SFML Platformer\Debug\link.read.1.tlog
D:\Documents\GitHub\GameTutorials\SFML Platformer\SFML Platformer\Debug\link.write.1.tlog
D:\Documents\GitHub\GameTutorials\SFML Platformer\SFML Platformer\Debug\link-cvtres.read.1.tlog
D:\Documents\GitHub\GameTutorials\SFML Platformer\SFML Platformer\Debug\link-cvtres.write.1.tlog
D:\DOCUMENTS\GITHUB\GAMETUTORIALS\SFML PLATFORMER\SFML PLATFORMER\DEBUG\MAIN.OBJ
D:\Documents\GitHub\GameTutorials\SFML Platformer\SFML Platformer\Debug\mt.command.1.tlog
D:\Documents\GitHub\GameTutorials\SFML Platformer\SFML Platformer\Debug\mt.read.1.tlog
D:\Documents\GitHub\GameTutorials\SFML Platformer\SFML Platformer\Debug\mt.write.1.tlog
D:\Documents\GitHub\GameTutorials\SFML Platformer\SFML Platformer\Debug\rc.command.1.tlog
D:\Documents\GitHub\GameTutorials\SFML Platformer\SFML Platformer\Debug\rc.read.1.tlog
D:\Documents\GitHub\GameTutorials\SFML Platformer\SFML Platformer\Debug\rc.write.1.tlog
D:\DOCUMENTS\GITHUB\GAMETUTORIALS\SFML PLATFORMER\SFML PLATFORMER\DEBUG\SCREENMANAGER.OBJ
D:\Documents\GitHub\GameTutorials\SFML Platformer\SFML Platformer\Debug\SFML Platformer.exe.embed.manifest
D:\DOCUMENTS\GITHUB\GAMETUTORIALS\SFML PLATFORMER\SFML PLATFORMER\DEBUG\SFML PLATFORMER.EXE.EMBED.MANIFEST.RES
D:\DOCUMENTS\GITHUB\GAMETUTORIALS\SFML PLATFORMER\SFML PLATFORMER\DEBUG\SFML PLATFORMER.EXE.INTERMEDIATE.MANIFEST
D:\DOCUMENTS\GITHUB\GAMETUTORIALS\SFML PLATFORMER\SFML PLATFORMER\DEBUG\SFML PLATFORMER.PCH
D:\Documents\GitHub\GameTutorials\SFML Platformer\SFML Platformer\Debug\SFML Platformer.vcxprojResolveAssemblyReference.cache
D:\Documents\GitHub\GameTutorials\SFML Platformer\SFML Platformer\Debug\SFML Platformer.write.1.tlog
D:\Documents\GitHub\GameTutorials\SFML Platformer\SFML Platformer\Debug\SFML Platformer_manifest.rc
D:\DOCUMENTS\GITHUB\GAMETUTORIALS\SFML PLATFORMER\SFML PLATFORMER\DEBUG\SPLASHSCREEN.OBJ
D:\DOCUMENTS\GITHUB\GAMETUTORIALS\SFML PLATFORMER\SFML PLATFORMER\DEBUG\STDAFX.OBJ
D:\DOCUMENTS\GITHUB\GAMETUTORIALS\SFML PLATFORMER\SFML PLATFORMER\DEBUG\TITLESCREEN.OBJ
D:\Documents\GitHub\GameTutorials\SFML Platformer\SFML Platformer\Debug\vc100.idb
D:\DOCUMENTS\GITHUB\GAMETUTORIALS\SFML PLATFORMER\SFML PLATFORMER\DEBUG\VC100.PDB
