D:\DOCUMENTS\GITHUB\GAMETUTORIALS\JUMP AND PUNCH MAN\DEBUG\JUMP AND PUNCH MAN.EXE
D:\DOCUMENTS\GITHUB\GAMETUTORIALS\JUMP AND PUNCH MAN\DEBUG\JUMP AND PUNCH MAN.PDB
D:\DOCUMENTS\GITHUB\GAMETUTORIALS\JUMP AND PUNCH MAN\JUMP AND PUNCH MAN\DEBUG\CHARACTER.OBJ
D:\Documents\GitHub\GameTutorials\Jump and Punch Man\Jump and Punch Man\Debug\cl.command.1.tlog
D:\Documents\GitHub\GameTutorials\Jump and Punch Man\Jump and Punch Man\Debug\CL.read.1.tlog
D:\Documents\GitHub\GameTutorials\Jump and Punch Man\Jump and Punch Man\Debug\CL.write.1.tlog
D:\DOCUMENTS\GITHUB\GAMETUTORIALS\JUMP AND PUNCH MAN\JUMP AND PUNCH MAN\DEBUG\GAME.OBJ
D:\DOCUMENTS\GITHUB\GAMETUTORIALS\JUMP AND PUNCH MAN\JUMP AND PUNCH MAN\DEBUG\GAMEOBJECT.OBJ
D:\DOCUMENTS\GITHUB\GAMETUTORIALS\JUMP AND PUNCH MAN\JUMP AND PUNCH MAN\DEBUG\GAMEOBJECTMANAGER.OBJ
D:\DOCUMENTS\GITHUB\GAMETUTORIALS\JUMP AND PUNCH MAN\JUMP AND PUNCH MAN\DEBUG\GROUND.OBJ
D:\DOCUMENTS\GITHUB\GAMETUTORIALS\JUMP AND PUNCH MAN\JUMP AND PUNCH MAN\DEBUG\HELLOWORLD.OBJ
D:\DOCUMENTS\GITHUB\GAMETUTORIALS\JUMP AND PUNCH MAN\JUMP AND PUNCH MAN\DEBUG\JUMP AND PUNCH MAN.EXE.INTERMEDIATE.MANIFEST
D:\DOCUMENTS\GITHUB\GAMETUTORIALS\JUMP AND PUNCH MAN\JUMP AND PUNCH MAN\DEBUG\JUMP AND PUNCH MAN.PCH
D:\Documents\GitHub\GameTutorials\Jump and Punch Man\Jump and Punch Man\Debug\Jump and Punch Man.write.1.tlog
D:\DOCUMENTS\GITHUB\GAMETUTORIALS\JUMP AND PUNCH MAN\JUMP AND PUNCH MAN\DEBUG\LEVELMANAGER.OBJ
D:\Documents\GitHub\GameTutorials\Jump and Punch Man\Jump and Punch Man\Debug\link.command.1.tlog
D:\Documents\GitHub\GameTutorials\Jump and Punch Man\Jump and Punch Man\Debug\link.read.1.tlog
D:\Documents\GitHub\GameTutorials\Jump and Punch Man\Jump and Punch Man\Debug\link.write.1.tlog
D:\DOCUMENTS\GITHUB\GAMETUTORIALS\JUMP AND PUNCH MAN\JUMP AND PUNCH MAN\DEBUG\MAIN.OBJ
D:\DOCUMENTS\GITHUB\GAMETUTORIALS\JUMP AND PUNCH MAN\JUMP AND PUNCH MAN\DEBUG\MAINBOX.OBJ
D:\Documents\GitHub\GameTutorials\Jump and Punch Man\Jump and Punch Man\Debug\mt.command.1.tlog
D:\Documents\GitHub\GameTutorials\Jump and Punch Man\Jump and Punch Man\Debug\mt.read.1.tlog
D:\Documents\GitHub\GameTutorials\Jump and Punch Man\Jump and Punch Man\Debug\mt.write.1.tlog
D:\DOCUMENTS\GITHUB\GAMETUTORIALS\JUMP AND PUNCH MAN\JUMP AND PUNCH MAN\DEBUG\REX.OBJ
D:\DOCUMENTS\GITHUB\GAMETUTORIALS\JUMP AND PUNCH MAN\JUMP AND PUNCH MAN\DEBUG\RIGIDBODY.OBJ
D:\DOCUMENTS\GITHUB\GAMETUTORIALS\JUMP AND PUNCH MAN\JUMP AND PUNCH MAN\DEBUG\STDAFX.OBJ
D:\Documents\GitHub\GameTutorials\Jump and Punch Man\Jump and Punch Man\Debug\vc100.idb
D:\DOCUMENTS\GITHUB\GAMETUTORIALS\JUMP AND PUNCH MAN\JUMP AND PUNCH MAN\DEBUG\VC100.PDB
D:\DOCUMENTS\GITHUB\GAMETUTORIALS\JUMP AND PUNCH MAN\JUMP AND PUNCH MAN\DEBUG\VISIBLEGAMEOBJECT.OBJ
D:\DOCUMENTS\GITHUB\GAMETUTORIALS\JUMP AND PUNCH MAN\JUMP AND PUNCH MAN\DEBUG\VISIBLERB.OBJ
