C:\USERS\SAM\DOCUMENTS\GITHUB\GAMETUTORIALS\PANG\DEBUG\PANG.EXE
C:\USERS\SAM\DOCUMENTS\GITHUB\GAMETUTORIALS\PANG\DEBUG\PANG.ILK
C:\USERS\SAM\DOCUMENTS\GITHUB\GAMETUTORIALS\PANG\DEBUG\PANG.PDB
C:\USERS\SAM\DOCUMENTS\GITHUB\GAMETUTORIALS\PANG\PANG\DEBUG\GAME.OBJ
C:\USERS\SAM\DOCUMENTS\GITHUB\GAMETUTORIALS\PANG\PANG\DEBUG\PANG.EXE.EMBED.MANIFEST
C:\USERS\SAM\DOCUMENTS\GITHUB\GAMETUTORIALS\PANG\PANG\DEBUG\PANG.EXE.EMBED.MANIFEST.RES
C:\USERS\SAM\DOCUMENTS\GITHUB\GAMETUTORIALS\PANG\PANG\DEBUG\PANG.EXE.INTERMEDIATE.MANIFEST
C:\USERS\SAM\DOCUMENTS\GITHUB\GAMETUTORIALS\PANG\PANG\DEBUG\PANG.OBJ
C:\USERS\SAM\DOCUMENTS\GITHUB\GAMETUTORIALS\PANG\PANG\DEBUG\PANG.PCH
C:\USERS\SAM\DOCUMENTS\GITHUB\GAMETUTORIALS\PANG\PANG\DEBUG\SPLASHSCREEN.OBJ
C:\USERS\SAM\DOCUMENTS\GITHUB\GAMETUTORIALS\PANG\PANG\DEBUG\STDAFX.OBJ
C:\USERS\SAM\DOCUMENTS\GITHUB\GAMETUTORIALS\PANG\PANG\DEBUG\VC100.PDB
D:\USERS\BATMAN\DOCUMENTS\GITHUB\GAMETUTORIALS\PANG\DEBUG\PANG.EXE
D:\USERS\BATMAN\DOCUMENTS\GITHUB\GAMETUTORIALS\PANG\DEBUG\PANG.ILK
D:\USERS\BATMAN\DOCUMENTS\GITHUB\GAMETUTORIALS\PANG\DEBUG\PANG.PDB
D:\Users\Batman\Documents\GitHub\GameTutorials\Pang\Pang\Debug\cl.command.1.tlog
D:\Users\Batman\Documents\GitHub\GameTutorials\Pang\Pang\Debug\CL.read.1.tlog
D:\Users\Batman\Documents\GitHub\GameTutorials\Pang\Pang\Debug\CL.write.1.tlog
D:\USERS\BATMAN\DOCUMENTS\GITHUB\GAMETUTORIALS\PANG\PANG\DEBUG\GAME.OBJ
D:\Users\Batman\Documents\GitHub\GameTutorials\Pang\Pang\Debug\link.580.read.1.tlog
D:\Users\Batman\Documents\GitHub\GameTutorials\Pang\Pang\Debug\link.580.write.1.tlog
D:\Users\Batman\Documents\GitHub\GameTutorials\Pang\Pang\Debug\link.580-cvtres.read.1.tlog
D:\Users\Batman\Documents\GitHub\GameTutorials\Pang\Pang\Debug\link.580-cvtres.write.1.tlog
D:\Users\Batman\Documents\GitHub\GameTutorials\Pang\Pang\Debug\link.6944.read.1.tlog
D:\Users\Batman\Documents\GitHub\GameTutorials\Pang\Pang\Debug\link.6944.write.1.tlog
D:\Users\Batman\Documents\GitHub\GameTutorials\Pang\Pang\Debug\link.6944-cvtres.read.1.tlog
D:\Users\Batman\Documents\GitHub\GameTutorials\Pang\Pang\Debug\link.6944-cvtres.write.1.tlog
D:\Users\Batman\Documents\GitHub\GameTutorials\Pang\Pang\Debug\link.command.1.tlog
D:\Users\Batman\Documents\GitHub\GameTutorials\Pang\Pang\Debug\link.read.1.tlog
D:\Users\Batman\Documents\GitHub\GameTutorials\Pang\Pang\Debug\link.write.1.tlog
D:\Users\Batman\Documents\GitHub\GameTutorials\Pang\Pang\Debug\link-cvtres.read.1.tlog
D:\Users\Batman\Documents\GitHub\GameTutorials\Pang\Pang\Debug\link-cvtres.write.1.tlog
D:\Users\Batman\Documents\GitHub\GameTutorials\Pang\Pang\Debug\mt.command.1.tlog
D:\Users\Batman\Documents\GitHub\GameTutorials\Pang\Pang\Debug\mt.read.1.tlog
D:\Users\Batman\Documents\GitHub\GameTutorials\Pang\Pang\Debug\mt.write.1.tlog
D:\Users\Batman\Documents\GitHub\GameTutorials\Pang\Pang\Debug\Pang.exe.embed.manifest
D:\USERS\BATMAN\DOCUMENTS\GITHUB\GAMETUTORIALS\PANG\PANG\DEBUG\PANG.EXE.EMBED.MANIFEST.RES
D:\USERS\BATMAN\DOCUMENTS\GITHUB\GAMETUTORIALS\PANG\PANG\DEBUG\PANG.EXE.INTERMEDIATE.MANIFEST
D:\USERS\BATMAN\DOCUMENTS\GITHUB\GAMETUTORIALS\PANG\PANG\DEBUG\PANG.OBJ
D:\USERS\BATMAN\DOCUMENTS\GITHUB\GAMETUTORIALS\PANG\PANG\DEBUG\PANG.PCH
D:\Users\Batman\Documents\GitHub\GameTutorials\Pang\Pang\Debug\Pang_manifest.rc
D:\Users\Batman\Documents\GitHub\GameTutorials\Pang\Pang\Debug\rc.command.1.tlog
D:\Users\Batman\Documents\GitHub\GameTutorials\Pang\Pang\Debug\rc.read.1.tlog
D:\Users\Batman\Documents\GitHub\GameTutorials\Pang\Pang\Debug\rc.write.1.tlog
D:\USERS\BATMAN\DOCUMENTS\GITHUB\GAMETUTORIALS\PANG\PANG\DEBUG\SPLASHSCREEN.OBJ
D:\USERS\BATMAN\DOCUMENTS\GITHUB\GAMETUTORIALS\PANG\PANG\DEBUG\STDAFX.OBJ
D:\Users\Batman\Documents\GitHub\GameTutorials\Pang\Pang\Debug\vc100.idb
D:\USERS\BATMAN\DOCUMENTS\GITHUB\GAMETUTORIALS\PANG\PANG\DEBUG\VC100.PDB
