Build started 4/1/2013 7:52:17 PM.
     1>Project "D:\Users\Batman\Documents\GitHub\GameTutorials\Pang\Pang\Pang.vcxproj" on node 2 (build target(s)).
     1>InitializeBuildStatus:
         Creating "Debug\Pang.unsuccessfulbuild" because "AlwaysCreate" was specified.
       ClCompile:
         All outputs are up-to-date.
         d:\Program Files (x86)\Microsoft Visual Studio 10.0\VC\bin\CL.exe /c /I"SFML-1.6/Include/" /ZI /nologo /W3 /WX- /Od /Oy- /D WIN32 /D _DEBUG /D _CONSOLE /D _UNICODE /D UNICODE /Gm /EHsc /RTC1 /MDd /GS /fp:precise /Zc:wchar_t /Zc:forScope /Yu"StdAfx.h" /Fp"Debug\Pang.pch" /Fo"Debug\\" /Fd"Debug\vc100.pdb" /Gd /TP /analyze- /errorReport:prompt VisibleGameObject.cpp
         VisibleGameObject.cpp
       ManifestResourceCompile:
         All outputs are up-to-date.
       Link:
         d:\Program Files (x86)\Microsoft Visual Studio 10.0\VC\bin\link.exe /ERRORREPORT:PROMPT /OUT:"D:\Users\Batman\Documents\GitHub\GameTutorials\Pang\Debug\Pang.exe" /INCREMENTAL /NOLOGO /LIBPATH:"SFML-1.6/lib/" "sfml-system-d.lib" "sfml-main-d.lib" "sfml-graphics-d.lib" "sfml-audio-d.lib" "sfml-network-d.lib" "sfml-window-d.lib" /MANIFEST /ManifestFile:"Debug\Pang.exe.intermediate.manifest" /MANIFESTUAC:"level='asInvoker' uiAccess='false'" /DEBUG /PDB:"D:\Users\Batman\Documents\GitHub\GameTutorials\Pang\Debug\Pang.pdb" /SUBSYSTEM:CONSOLE /TLBID:1 /DYNAMICBASE /NXCOMPAT /IMPLIB:"D:\Users\Batman\Documents\GitHub\GameTutorials\Pang\Debug\Pang.lib" /MACHINE:X86 Debug\Pang.exe.embed.manifest.res
         Debug\Game.obj
         Debug\MainMenu.obj
         Debug\Pang.obj
         Debug\SplashScreen.obj
         Debug\stdafx.obj
         Debug\VisibleGameObject.obj
       Manifest:
         C:\Program Files (x86)\Microsoft SDKs\Windows\v7.0A\bin\mt.exe /nologo /verbose /out:"Debug\Pang.exe.embed.manifest" /manifest Debug\Pang.exe.intermediate.manifest
         All outputs are up-to-date.
       LinkEmbedManifest:
         All outputs are up-to-date.
         Pang.vcxproj -> D:\Users\Batman\Documents\GitHub\GameTutorials\Pang\Debug\Pang.exe
       FinalizeBuildStatus:
         Deleting file "Debug\Pang.unsuccessfulbuild".
         Touching "Debug\Pang.lastbuildstate".
     1>Done Building Project "D:\Users\Batman\Documents\GitHub\GameTutorials\Pang\Pang\Pang.vcxproj" (build target(s)).

Build succeeded.

Time Elapsed 00:00:00.57
