D:\DOCUMENTS\GITHUB\GAMETUTORIALS\PLATFORMER PROTO 01\DEBUG\PLATFORMER PROTO 01.EXE
D:\DOCUMENTS\GITHUB\GAMETUTORIALS\PLATFORMER PROTO 01\DEBUG\PLATFORMER PROTO 01.PDB
D:\DOCUMENTS\GITHUB\GAMETUTORIALS\PLATFORMER PROTO 01\PLATFORMER PROTO 01\DEBUG\CHARACTER.OBJ
D:\Documents\GitHub\GameTutorials\Platformer Proto 01\Platformer Proto 01\Debug\cl.command.1.tlog
D:\Documents\GitHub\GameTutorials\Platformer Proto 01\Platformer Proto 01\Debug\CL.read.1.tlog
D:\Documents\GitHub\GameTutorials\Platformer Proto 01\Platformer Proto 01\Debug\CL.write.1.tlog
D:\DOCUMENTS\GITHUB\GAMETUTORIALS\PLATFORMER PROTO 01\PLATFORMER PROTO 01\DEBUG\FRED.OBJ
D:\DOCUMENTS\GITHUB\GAMETUTORIALS\PLATFORMER PROTO 01\PLATFORMER PROTO 01\DEBUG\GAME.OBJ
D:\DOCUMENTS\GITHUB\GAMETUTORIALS\PLATFORMER PROTO 01\PLATFORMER PROTO 01\DEBUG\GAMEOBJECT.OBJ
D:\DOCUMENTS\GITHUB\GAMETUTORIALS\PLATFORMER PROTO 01\PLATFORMER PROTO 01\DEBUG\GAMEOBJECTMANAGER.OBJ
D:\DOCUMENTS\GITHUB\GAMETUTORIALS\PLATFORMER PROTO 01\PLATFORMER PROTO 01\DEBUG\LEVELMANAGER.OBJ
D:\Documents\GitHub\GameTutorials\Platformer Proto 01\Platformer Proto 01\Debug\link.command.1.tlog
D:\Documents\GitHub\GameTutorials\Platformer Proto 01\Platformer Proto 01\Debug\link.read.1.tlog
D:\Documents\GitHub\GameTutorials\Platformer Proto 01\Platformer Proto 01\Debug\link.write.1.tlog
D:\DOCUMENTS\GITHUB\GAMETUTORIALS\PLATFORMER PROTO 01\PLATFORMER PROTO 01\DEBUG\MAIN.OBJ
D:\Documents\GitHub\GameTutorials\Platformer Proto 01\Platformer Proto 01\Debug\mt.command.1.tlog
D:\Documents\GitHub\GameTutorials\Platformer Proto 01\Platformer Proto 01\Debug\mt.read.1.tlog
D:\Documents\GitHub\GameTutorials\Platformer Proto 01\Platformer Proto 01\Debug\mt.write.1.tlog
D:\DOCUMENTS\GITHUB\GAMETUTORIALS\PLATFORMER PROTO 01\PLATFORMER PROTO 01\DEBUG\PLATFORMER PROTO 01.EXE.INTERMEDIATE.MANIFEST
D:\DOCUMENTS\GITHUB\GAMETUTORIALS\PLATFORMER PROTO 01\PLATFORMER PROTO 01\DEBUG\PLATFORMER PROTO 01.OBJ
D:\DOCUMENTS\GITHUB\GAMETUTORIALS\PLATFORMER PROTO 01\PLATFORMER PROTO 01\DEBUG\PLATFORMER PROTO 01.PCH
D:\Documents\GitHub\GameTutorials\Platformer Proto 01\Platformer Proto 01\Debug\Platformer Proto 01.vcxprojResolveAssemblyReference.cache
D:\Documents\GitHub\GameTutorials\Platformer Proto 01\Platformer Proto 01\Debug\Platformer Proto 01.write.1.tlog
D:\DOCUMENTS\GITHUB\GAMETUTORIALS\PLATFORMER PROTO 01\PLATFORMER PROTO 01\DEBUG\RESOURCESMANAGER.OBJ
D:\DOCUMENTS\GITHUB\GAMETUTORIALS\PLATFORMER PROTO 01\PLATFORMER PROTO 01\DEBUG\RIGIDBODY.OBJ
D:\DOCUMENTS\GITHUB\GAMETUTORIALS\PLATFORMER PROTO 01\PLATFORMER PROTO 01\DEBUG\SPRITE.OBJ
D:\DOCUMENTS\GITHUB\GAMETUTORIALS\PLATFORMER PROTO 01\PLATFORMER PROTO 01\DEBUG\STDAFX.OBJ
D:\DOCUMENTS\GITHUB\GAMETUTORIALS\PLATFORMER PROTO 01\PLATFORMER PROTO 01\DEBUG\TILE.OBJ
D:\Documents\GitHub\GameTutorials\Platformer Proto 01\Platformer Proto 01\Debug\vc100.idb
D:\DOCUMENTS\GITHUB\GAMETUTORIALS\PLATFORMER PROTO 01\PLATFORMER PROTO 01\DEBUG\VC100.PDB
D:\DOCUMENTS\GITHUB\GAMETUTORIALS\PLATFORMER PROTO 01\PLATFORMER PROTO 01\DEBUG\VISIBLERB.OBJ
