D:\USERS\BATMAN\DOCUMENTS\GITHUB\GAMETUTORIALS\SMFL PLATFORMER\SMFL PLATFORMER PROJECT\DEBUG\SMFL PLATFORMER PROJECT.EXE
D:\USERS\BATMAN\DOCUMENTS\GITHUB\GAMETUTORIALS\SMFL PLATFORMER\SMFL PLATFORMER PROJECT\DEBUG\SMFL PLATFORMER PROJECT.ILK
D:\USERS\BATMAN\DOCUMENTS\GITHUB\GAMETUTORIALS\SMFL PLATFORMER\SMFL PLATFORMER PROJECT\DEBUG\SMFL PLATFORMER PROJECT.PDB
D:\Users\Batman\Documents\GitHub\GameTutorials\SMFL Platformer\SMFL Platformer Project\SMFL Platformer Project\Debug\cl.command.1.tlog
D:\Users\Batman\Documents\GitHub\GameTutorials\SMFL Platformer\SMFL Platformer Project\SMFL Platformer Project\Debug\CL.read.1.tlog
D:\Users\Batman\Documents\GitHub\GameTutorials\SMFL Platformer\SMFL Platformer Project\SMFL Platformer Project\Debug\CL.write.1.tlog
D:\USERS\BATMAN\DOCUMENTS\GITHUB\GAMETUTORIALS\SMFL PLATFORMER\SMFL PLATFORMER PROJECT\SMFL PLATFORMER PROJECT\DEBUG\GAMESCREEN.OBJ
D:\USERS\BATMAN\DOCUMENTS\GITHUB\GAMETUTORIALS\SMFL PLATFORMER\SMFL PLATFORMER PROJECT\SMFL PLATFORMER PROJECT\DEBUG\INPUTMANAGER.OBJ
D:\Users\Batman\Documents\GitHub\GameTutorials\SMFL Platformer\SMFL Platformer Project\SMFL Platformer Project\Debug\link.1916.read.1.tlog
D:\Users\Batman\Documents\GitHub\GameTutorials\SMFL Platformer\SMFL Platformer Project\SMFL Platformer Project\Debug\link.1916.write.1.tlog
D:\Users\Batman\Documents\GitHub\GameTutorials\SMFL Platformer\SMFL Platformer Project\SMFL Platformer Project\Debug\link.1916-cvtres.read.1.tlog
D:\Users\Batman\Documents\GitHub\GameTutorials\SMFL Platformer\SMFL Platformer Project\SMFL Platformer Project\Debug\link.1916-cvtres.write.1.tlog
D:\Users\Batman\Documents\GitHub\GameTutorials\SMFL Platformer\SMFL Platformer Project\SMFL Platformer Project\Debug\link.command.1.tlog
D:\Users\Batman\Documents\GitHub\GameTutorials\SMFL Platformer\SMFL Platformer Project\SMFL Platformer Project\Debug\link.read.1.tlog
D:\Users\Batman\Documents\GitHub\GameTutorials\SMFL Platformer\SMFL Platformer Project\SMFL Platformer Project\Debug\link.write.1.tlog
D:\Users\Batman\Documents\GitHub\GameTutorials\SMFL Platformer\SMFL Platformer Project\SMFL Platformer Project\Debug\link-cvtres.read.1.tlog
D:\Users\Batman\Documents\GitHub\GameTutorials\SMFL Platformer\SMFL Platformer Project\SMFL Platformer Project\Debug\link-cvtres.write.1.tlog
D:\USERS\BATMAN\DOCUMENTS\GITHUB\GAMETUTORIALS\SMFL PLATFORMER\SMFL PLATFORMER PROJECT\SMFL PLATFORMER PROJECT\DEBUG\MAIN.OBJ
D:\Users\Batman\Documents\GitHub\GameTutorials\SMFL Platformer\SMFL Platformer Project\SMFL Platformer Project\Debug\mt.command.1.tlog
D:\Users\Batman\Documents\GitHub\GameTutorials\SMFL Platformer\SMFL Platformer Project\SMFL Platformer Project\Debug\mt.read.1.tlog
D:\Users\Batman\Documents\GitHub\GameTutorials\SMFL Platformer\SMFL Platformer Project\SMFL Platformer Project\Debug\mt.write.1.tlog
D:\Users\Batman\Documents\GitHub\GameTutorials\SMFL Platformer\SMFL Platformer Project\SMFL Platformer Project\Debug\rc.command.1.tlog
D:\Users\Batman\Documents\GitHub\GameTutorials\SMFL Platformer\SMFL Platformer Project\SMFL Platformer Project\Debug\rc.read.1.tlog
D:\Users\Batman\Documents\GitHub\GameTutorials\SMFL Platformer\SMFL Platformer Project\SMFL Platformer Project\Debug\rc.write.1.tlog
D:\USERS\BATMAN\DOCUMENTS\GITHUB\GAMETUTORIALS\SMFL PLATFORMER\SMFL PLATFORMER PROJECT\SMFL PLATFORMER PROJECT\DEBUG\SCREENMANAGER.OBJ
D:\USERS\BATMAN\DOCUMENTS\GITHUB\GAMETUTORIALS\SMFL PLATFORMER\SMFL PLATFORMER PROJECT\SMFL PLATFORMER PROJECT\DEBUG\SMFL PLATFORMER PROJECT.EXE.EMBED.MANIFEST
D:\USERS\BATMAN\DOCUMENTS\GITHUB\GAMETUTORIALS\SMFL PLATFORMER\SMFL PLATFORMER PROJECT\SMFL PLATFORMER PROJECT\DEBUG\SMFL PLATFORMER PROJECT.EXE.EMBED.MANIFEST.RES
D:\USERS\BATMAN\DOCUMENTS\GITHUB\GAMETUTORIALS\SMFL PLATFORMER\SMFL PLATFORMER PROJECT\SMFL PLATFORMER PROJECT\DEBUG\SMFL PLATFORMER PROJECT.EXE.INTERMEDIATE.MANIFEST
D:\USERS\BATMAN\DOCUMENTS\GITHUB\GAMETUTORIALS\SMFL PLATFORMER\SMFL PLATFORMER PROJECT\SMFL PLATFORMER PROJECT\DEBUG\SMFL PLATFORMER PROJECT.PCH
D:\Users\Batman\Documents\GitHub\GameTutorials\SMFL Platformer\SMFL Platformer Project\SMFL Platformer Project\Debug\SMFL Platformer Project_manifest.rc
D:\USERS\BATMAN\DOCUMENTS\GITHUB\GAMETUTORIALS\SMFL PLATFORMER\SMFL PLATFORMER PROJECT\SMFL PLATFORMER PROJECT\DEBUG\STDAFX.OBJ
D:\USERS\BATMAN\DOCUMENTS\GITHUB\GAMETUTORIALS\SMFL PLATFORMER\SMFL PLATFORMER PROJECT\SMFL PLATFORMER PROJECT\DEBUG\TITLESCREEN.OBJ
D:\Users\Batman\Documents\GitHub\GameTutorials\SMFL Platformer\SMFL Platformer Project\SMFL Platformer Project\Debug\vc100.idb
D:\USERS\BATMAN\DOCUMENTS\GITHUB\GAMETUTORIALS\SMFL PLATFORMER\SMFL PLATFORMER PROJECT\SMFL PLATFORMER PROJECT\DEBUG\VC100.PDB
