Build started 4/5/2013 7:21:16 PM.
     1>Project "D:\Users\Batman\Documents\GitHub\GameTutorials\SMFL Platformer\SMFL Platformer Project\SMFL Platformer Project\SMFL Platformer Project.vcxproj" on node 2 (build target(s)).
     1>InitializeBuildStatus:
         Creating "Debug\SMFL Platformer Project.unsuccessfulbuild" because "AlwaysCreate" was specified.
       ClCompile:
         d:\Program Files (x86)\Microsoft Visual Studio 10.0\VC\bin\CL.exe /c /ZI /nologo /W3 /WX- /Od /Oy- /D WIN32 /D _DEBUG /D _CONSOLE /D _UNICODE /D UNICODE /Gm /EHsc /RTC1 /MDd /GS /fp:precise /Zc:wchar_t /Zc:forScope /Yc"StdAfx.h" /Fp"Debug\SMFL Platformer Project.pch" /Fo"Debug\\" /Fd"Debug\vc100.pdb" /Gd /TP /analyze- /errorReport:prompt stdafx.cpp
         stdafx.cpp
         d:\Program Files (x86)\Microsoft Visual Studio 10.0\VC\bin\CL.exe /c /ZI /nologo /W3 /WX- /Od /Oy- /D WIN32 /D _DEBUG /D _CONSOLE /D _UNICODE /D UNICODE /Gm /EHsc /RTC1 /MDd /GS /fp:precise /Zc:wchar_t /Zc:forScope /Yu"StdAfx.h" /Fp"Debug\SMFL Platformer Project.pch" /Fo"Debug\\" /Fd"Debug\vc100.pdb" /Gd /TP /analyze- /errorReport:prompt GameScreen.cpp InputManager.cpp ScreenManager.cpp SplashScreen.cpp TitleScreen.cpp main.cpp
         SplashScreen.cpp
         InputManager.cpp
     1>d:\users\batman\documents\github\gametutorials\smfl platformer\smfl platformer project\smfl platformer project\inputmanager.cpp(30): warning C4018: '<' : signed/unsigned mismatch
     1>d:\users\batman\documents\github\gametutorials\smfl platformer\smfl platformer project\smfl platformer project\inputmanager.cpp(49): warning C4018: '<' : signed/unsigned mismatch
         Generating Code...
         Skipping... (no relevant changes detected)
         main.cpp
         TitleScreen.cpp
         ScreenManager.cpp
         GameScreen.cpp
       ManifestResourceCompile:
         All outputs are up-to-date.
       Link:
         d:\Program Files (x86)\Microsoft Visual Studio 10.0\VC\bin\link.exe /ERRORREPORT:PROMPT /OUT:"D:\Users\Batman\Documents\GitHub\GameTutorials\SMFL Platformer\SMFL Platformer Project\Debug\SMFL Platformer Project.exe" /INCREMENTAL /NOLOGO "sfml-graphics-d.lib" "sfml-audio-d.lib" "sfml-system-d.lib" "sfml-network-d.lib" "sfml-window-d.lib" kernel32.lib user32.lib gdi32.lib winspool.lib comdlg32.lib advapi32.lib shell32.lib ole32.lib oleaut32.lib uuid.lib odbc32.lib odbccp32.lib /MANIFEST /ManifestFile:"Debug\SMFL Platformer Project.exe.intermediate.manifest" /MANIFESTUAC:"level='asInvoker' uiAccess='false'" /DEBUG /PDB:"D:\Users\Batman\Documents\GitHub\GameTutorials\SMFL Platformer\SMFL Platformer Project\Debug\SMFL Platformer Project.pdb" /SUBSYSTEM:CONSOLE /TLBID:1 /DYNAMICBASE /NXCOMPAT /IMPLIB:"D:\Users\Batman\Documents\GitHub\GameTutorials\SMFL Platformer\SMFL Platformer Project\Debug\SMFL Platformer Project.lib" /MACHINE:X86 "Debug\SMFL Platformer Project.exe.embed.manifest.res"
         Debug\GameScreen.obj
         Debug\InputManager.obj
         Debug\main.obj
         Debug\ScreenManager.obj
         Debug\SplashScreen.obj
         Debug\stdafx.obj
         Debug\TitleScreen.obj
       Manifest:
         C:\Program Files (x86)\Microsoft SDKs\Windows\v7.0A\bin\mt.exe /nologo /verbose /out:"Debug\SMFL Platformer Project.exe.embed.manifest" /manifest "Debug\SMFL Platformer Project.exe.intermediate.manifest"
         All outputs are up-to-date.
       LinkEmbedManifest:
         All outputs are up-to-date.
         SMFL Platformer Project.vcxproj -> D:\Users\Batman\Documents\GitHub\GameTutorials\SMFL Platformer\SMFL Platformer Project\Debug\SMFL Platformer Project.exe
       FinalizeBuildStatus:
         Deleting file "Debug\SMFL Platformer Project.unsuccessfulbuild".
         Touching "Debug\SMFL Platformer Project.lastbuildstate".
     1>Done Building Project "D:\Users\Batman\Documents\GitHub\GameTutorials\SMFL Platformer\SMFL Platformer Project\SMFL Platformer Project\SMFL Platformer Project.vcxproj" (build target(s)).

Build succeeded.

Time Elapsed 00:00:00.86
