Build started 4/1/2013 1:52:13 AM.
     1>Project "C:\Users\Sam\Documents\GitHub\GameTutorials\LazyFooTutorial\LazyFooTutorial\LazyFooTutorial.vcxproj" on node 2 (rebuild target(s)).
     1>_PrepareForClean:
         Deleting file "Debug\LazyFooTutorial.lastbuildstate".
       InitializeBuildStatus:
         Creating "Debug\LazyFooTutorial.unsuccessfulbuild" because "AlwaysCreate" was specified.
       ClCompile:
         C:\Program Files (x86)\Microsoft Visual Studio 10.0\VC\bin\CL.exe /c /ZI /nologo /W3 /WX- /Od /Oy- /D _MBCS /Gm /EHsc /RTC1 /MD /GS /fp:precise /Zc:wchar_t /Zc:forScope /Fo"Debug\\" /Fd"Debug\vc100.pdb" /Gd /TP /analyze- /errorReport:prompt main.cpp
         main.cpp
       Link:
         C:\Program Files (x86)\Microsoft Visual Studio 10.0\VC\bin\link.exe /ERRORREPORT:PROMPT /OUT:"C:\Users\Sam\Documents\GitHub\GameTutorials\LazyFooTutorial\Debug\LazyFooTutorial.exe" /NOLOGO SDL.lib SDLmain.lib kernel32.lib user32.lib gdi32.lib winspool.lib comdlg32.lib advapi32.lib shell32.lib ole32.lib oleaut32.lib uuid.lib odbc32.lib odbccp32.lib /MANIFEST /ManifestFile:"Debug\LazyFooTutorial.exe.intermediate.manifest" /MANIFESTUAC:"level='asInvoker' uiAccess='false'" /DEBUG /PDB:"C:\Users\Sam\Documents\GitHub\GameTutorials\LazyFooTutorial\Debug\LazyFooTutorial.pdb" /SUBSYSTEM:WINDOWS /TLBID:1 /DYNAMICBASE /NXCOMPAT /IMPLIB:"C:\Users\Sam\Documents\GitHub\GameTutorials\LazyFooTutorial\Debug\LazyFooTutorial.lib" /MACHINE:X86 Debug\main.obj
         LazyFooTutorial.vcxproj -> C:\Users\Sam\Documents\GitHub\GameTutorials\LazyFooTutorial\Debug\LazyFooTutorial.exe
       Manifest:
         C:\Program Files (x86)\Microsoft SDKs\Windows\v7.0A\bin\mt.exe /nologo /verbose /outputresource:"C:\Users\Sam\Documents\GitHub\GameTutorials\LazyFooTutorial\Debug\LazyFooTutorial.exe;#1" /manifest Debug\LazyFooTutorial.exe.intermediate.manifest
       FinalizeBuildStatus:
         Deleting file "Debug\LazyFooTutorial.unsuccessfulbuild".
         Touching "Debug\LazyFooTutorial.lastbuildstate".
     1>Done Building Project "C:\Users\Sam\Documents\GitHub\GameTutorials\LazyFooTutorial\LazyFooTutorial\LazyFooTutorial.vcxproj" (rebuild target(s)).

Build succeeded.

Time Elapsed 00:00:00.45
