Build started 4/5/2013 11:49:57 AM.
     1>Project "D:\Users\Batman\Documents\GitHub\GameTutorials\SMFL Platformer\SMFL Platformer Project\SMFL Platformer Project\SMFL Platformer Project.vcxproj" on node 2 (build target(s)).
     1>InitializeBuildStatus:
         Creating "Release\SMFL Platformer Project.unsuccessfulbuild" because "AlwaysCreate" was specified.
       ClCompile:
         d:\Program Files (x86)\Microsoft Visual Studio 10.0\VC\bin\CL.exe /c /Zi /nologo /W3 /WX- /O2 /Oi /Oy- /GL /D WIN32 /D NDEBUG /D _CONSOLE /D _UNICODE /D UNICODE /Gm- /EHsc /MD /GS /Gy /fp:precise /Zc:wchar_t /Zc:forScope /Yc"StdAfx.h" /Fp"Release\SMFL Platformer Project.pch" /Fo"Release\\" /Fd"Release\vc100.pdb" /Gd /TP /analyze- /errorReport:prompt stdafx.cpp
         stdafx.cpp
         d:\Program Files (x86)\Microsoft Visual Studio 10.0\VC\bin\CL.exe /c /Zi /nologo /W3 /WX- /O2 /Oi /Oy- /GL /D WIN32 /D NDEBUG /D _CONSOLE /D _UNICODE /D UNICODE /Gm- /EHsc /MD /GS /Gy /fp:precise /Zc:wchar_t /Zc:forScope /Yu"StdAfx.h" /Fp"Release\SMFL Platformer Project.pch" /Fo"Release\\" /Fd"Release\vc100.pdb" /Gd /TP /analyze- /errorReport:prompt main.cpp ScreenManager.cpp
         main.cpp
         ScreenManager.cpp
       Link:
         d:\Program Files (x86)\Microsoft Visual Studio 10.0\VC\bin\link.exe /ERRORREPORT:PROMPT /OUT:"D:\Users\Batman\Documents\GitHub\GameTutorials\SMFL Platformer\SMFL Platformer Project\Release\SMFL Platformer Project.exe" /INCREMENTAL:NO /NOLOGO "sfml-graphics.lib" "sfml-audio.lib" "sfml-system.lib" "sfml-network.lib" "sfml-window.lib" "sfml-main.lib" kernel32.lib user32.lib gdi32.lib winspool.lib comdlg32.lib advapi32.lib shell32.lib ole32.lib oleaut32.lib uuid.lib odbc32.lib odbccp32.lib /MANIFEST /ManifestFile:"Release\SMFL Platformer Project.exe.intermediate.manifest" /MANIFESTUAC:"level='asInvoker' uiAccess='false'" /DEBUG /PDB:"D:\Users\Batman\Documents\GitHub\GameTutorials\SMFL Platformer\SMFL Platformer Project\Release\SMFL Platformer Project.pdb" /SUBSYSTEM:WINDOWS /OPT:REF /OPT:ICF /LTCG /TLBID:1 /DYNAMICBASE /NXCOMPAT /IMPLIB:"D:\Users\Batman\Documents\GitHub\GameTutorials\SMFL Platformer\SMFL Platformer Project\Release\SMFL Platformer Project.lib" /MACHINE:X86 Release\main.obj
         Release\ScreenManager.obj
         Release\stdafx.obj
         Generating code
         Finished generating code
         SMFL Platformer Project.vcxproj -> D:\Users\Batman\Documents\GitHub\GameTutorials\SMFL Platformer\SMFL Platformer Project\Release\SMFL Platformer Project.exe
       Manifest:
         C:\Program Files (x86)\Microsoft SDKs\Windows\v7.0A\bin\mt.exe /nologo /verbose /outputresource:"D:\Users\Batman\Documents\GitHub\GameTutorials\SMFL Platformer\SMFL Platformer Project\Release\SMFL Platformer Project.exe;#1" /manifest "Release\SMFL Platformer Project.exe.intermediate.manifest"
       FinalizeBuildStatus:
         Deleting file "Release\SMFL Platformer Project.unsuccessfulbuild".
         Touching "Release\SMFL Platformer Project.lastbuildstate".
     1>Done Building Project "D:\Users\Batman\Documents\GitHub\GameTutorials\SMFL Platformer\SMFL Platformer Project\SMFL Platformer Project\SMFL Platformer Project.vcxproj" (build target(s)).

Build succeeded.

Time Elapsed 00:00:00.78
