Build started 4/16/2013 11:00:46 PM.
     1>Project "D:\Users\Batman\Documents\GitHub\GameTutorials\SFML 2.0 Tutorial\SFML 2.0 Tutorial.vcxproj" on node 2 (build target(s)).
     1>InitializeBuildStatus:
         Creating "Debug\SFML 2.0 Tutorial.unsuccessfulbuild" because "AlwaysCreate" was specified.
       ClCompile:
         d:\Program Files (x86)\Microsoft Visual Studio 10.0\VC\bin\CL.exe /c /ZI /nologo /W3 /WX- /Od /Oy- /D _MBCS /Gm /EHsc /RTC1 /MDd /GS /fp:precise /Zc:wchar_t /Zc:forScope /Fo"Debug\\" /Fd"Debug\vc100.pdb" /Gd /TP /analyze- /errorReport:prompt main.cpp
         main.cpp
     1>d:\users\batman\documents\github\gametutorials\sfml 2.0 tutorial\main.cpp(15): warning C4244: 'argument' : conversion from 'time_t' to 'unsigned int', possible loss of data
     1>d:\users\batman\documents\github\gametutorials\sfml 2.0 tutorial\main.cpp(55): warning C4482: nonstandard extension used: enum 'sf::PrimitiveType' used in qualified name
     1>d:\users\batman\documents\github\gametutorials\sfml 2.0 tutorial\main.cpp(56): warning C4244: 'argument' : conversion from 'int' to 'float', possible loss of data
     1>d:\users\batman\documents\github\gametutorials\sfml 2.0 tutorial\main.cpp(56): warning C4244: 'argument' : conversion from 'int' to 'float', possible loss of data
     1>d:\users\batman\documents\github\gametutorials\sfml 2.0 tutorial\main.cpp(57): warning C4244: 'argument' : conversion from 'int' to 'float', possible loss of data
     1>d:\users\batman\documents\github\gametutorials\sfml 2.0 tutorial\main.cpp(57): warning C4244: 'argument' : conversion from 'int' to 'float', possible loss of data
     1>d:\users\batman\documents\github\gametutorials\sfml 2.0 tutorial\main.cpp(58): warning C4244: 'argument' : conversion from 'int' to 'float', possible loss of data
     1>d:\users\batman\documents\github\gametutorials\sfml 2.0 tutorial\main.cpp(58): warning C4244: 'argument' : conversion from 'int' to 'float', possible loss of data
     1>d:\users\batman\documents\github\gametutorials\sfml 2.0 tutorial\main.cpp(59): warning C4244: 'argument' : conversion from 'int' to 'float', possible loss of data
     1>d:\users\batman\documents\github\gametutorials\sfml 2.0 tutorial\main.cpp(59): warning C4244: 'argument' : conversion from 'int' to 'float', possible loss of data
     1>d:\users\batman\documents\github\gametutorials\sfml 2.0 tutorial\main.cpp(104): warning C4018: '>=' : signed/unsigned mismatch
       Link:
         d:\Program Files (x86)\Microsoft Visual Studio 10.0\VC\bin\link.exe /ERRORREPORT:PROMPT /OUT:"D:\Users\Batman\Documents\GitHub\GameTutorials\SFML 2.0 Tutorial\Debug\SFML 2.0 Tutorial.exe" /NOLOGO "sfml-graphics-d.lib" "sfml-audio-d.lib" "sfml-system-d.lib" "sfml-network-d.lib" "sfml-window-d.lib" kernel32.lib user32.lib gdi32.lib winspool.lib comdlg32.lib advapi32.lib shell32.lib ole32.lib oleaut32.lib uuid.lib odbc32.lib odbccp32.lib /MANIFEST /ManifestFile:"Debug\SFML 2.0 Tutorial.exe.intermediate.manifest" /MANIFESTUAC:"level='asInvoker' uiAccess='false'" /DEBUG /PDB:"D:\Users\Batman\Documents\GitHub\GameTutorials\SFML 2.0 Tutorial\Debug\SFML 2.0 Tutorial.pdb" /TLBID:1 /DYNAMICBASE /NXCOMPAT /IMPLIB:"D:\Users\Batman\Documents\GitHub\GameTutorials\SFML 2.0 Tutorial\Debug\SFML 2.0 Tutorial.lib" /MACHINE:X86 Debug\main.obj
         LINK : D:\Users\Batman\Documents\GitHub\GameTutorials\SFML 2.0 Tutorial\Debug\SFML 2.0 Tutorial.exe not found or not built by the last incremental link; performing full link
         SFML 2.0 Tutorial.vcxproj -> D:\Users\Batman\Documents\GitHub\GameTutorials\SFML 2.0 Tutorial\Debug\SFML 2.0 Tutorial.exe
       Manifest:
         C:\Program Files (x86)\Microsoft SDKs\Windows\v7.0A\bin\mt.exe /nologo /verbose /outputresource:"D:\Users\Batman\Documents\GitHub\GameTutorials\SFML 2.0 Tutorial\Debug\SFML 2.0 Tutorial.exe;#1" /manifest "Debug\SFML 2.0 Tutorial.exe.intermediate.manifest"
       FinalizeBuildStatus:
         Deleting file "Debug\SFML 2.0 Tutorial.unsuccessfulbuild".
         Touching "Debug\SFML 2.0 Tutorial.lastbuildstate".
     1>Done Building Project "D:\Users\Batman\Documents\GitHub\GameTutorials\SFML 2.0 Tutorial\SFML 2.0 Tutorial.vcxproj" (build target(s)).

Build succeeded.

Time Elapsed 00:00:00.68
